app/build/outputs/mapping/release/seeds.txt
com.synsound.app.MainActivity
com.synsound.app.MainActivity$setupWebView$3: boolean shouldOverrideUrlLoading(android.webkit.WebView,android.webkit.WebResourceRequest)
com.synsound.app.MainActivity: MainActivity()
com.synsound.app.MainActivity$setupWebView$2: void onPermissionRequest(android.webkit.PermissionRequest)
com.synsound.app.MainActivity$setupWebView$3: void onReceivedError(android.webkit.WebView,android.webkit.WebResourceRequest,android.webkit.WebResourceError)
com.synsound.app.MainActivity$setupWebView$2: void onProgressChanged(android.webkit.WebView,int)
com.synsound.app.MainActivity$setupWebView$2: boolean onShowFileChooser(android.webkit.WebView,android.webkit.ValueCallback,android.webkit.WebChromeClient$FileChooserParams)
com.synsound.app.MainActivity$setupWebView$3: void onReceivedSslError(android.webkit.WebView,android.webkit.SslErrorHandler,android.net.http.SslError)
com.synsound.app.MainActivity$setupWebView$3: void onPageFinished(android.webkit.WebView,java.lang.String)
com.synsound.app.MainActivity$setupWebView$2: void onPermissionRequestCanceled(android.webkit.PermissionRequest)
com.synsound.app.MainActivity$setupWebView$3: void onPageStarted(android.webkit.WebView,java.lang.String,android.graphics.Bitmap)
com.synsound.app.MainActivity$setupWebView$3: boolean onRenderProcessGone(android.webkit.WebView,android.webkit.RenderProcessGoneDetail)
...
com.google.android.material.badge.BadgeDrawable: com.google.android.material.badge.BadgeDrawable create(android.content.Context)
com.google.android.material.datepicker.CalendarItemStyle: int getRightInset()
androidx.webkit.CookieManagerCompat: java.util.List getCookieInfo(android.webkit.CookieManager,java.lang.String)
com.google.android.material.floatingactionbutton.FloatingActionButton: void hide(com.google.android.material.floatingactionbutton.FloatingActionButton$OnVisibilityChangedListener)
com.google.android.material.datepicker.SingleDateSelector: SingleDateSelector()
com.google.android.material.internal.StaticLayoutBuilderCompat: com.google.android.material.internal.StaticLayoutBuilderCompat setIsRtl(boolean)
com.google.android.material.resources.TypefaceUtils: android.graphics.Typeface maybeCopyWithFontWeightAdjustment(android.content.res.Configuration,android.graphics.Typeface)
androidx.vectordrawable.graphics.drawable.VectorDrawableCompat$VFullPath: float getTrimPathStart()
androidx.appcompat.view.ContextThemeWrapper: ContextThemeWrapper(android.content.Context,int)
androidx.appcompat.view.menu.ActionMenuItem: android.view.MenuItem setTitle(java.lang.CharSequence)
com.google.android.material.color.DynamicColors$DynamicColorsActivityLifecycleCallbacks: void onActivityStarted(android.app.Activity)
com.google.android.material.chip.Chip: void setChipEndPaddingResource(int)
com.google.android.material.internal.NavigationMenuItemView: void setChecked(boolean)
com.google.android.material.bottomappbar.BottomAppBar$Behavior: boolean onStartNestedScroll(androidx.coordinatorlayout.widget.CoordinatorLayout,com.google.android.material.bottomappbar.BottomAppBar,android.view.View,android.view.View,int,int)
com.google.android.material.transition.SlideDistanceProvider: android.animation.Animator createDisappear(android.view.ViewGroup,android.view.View)
com.google.android.material.transition.MaterialVisibility: android.animation.Animator onAppear(android.view.ViewGroup,android.view.View,androidx.transition.TransitionValues,androidx.transition.TransitionValues)
androidx.recyclerview.widget.RecyclerView$LayoutManager: boolean checkLayoutParams(androidx.recyclerview.widget.RecyclerView$LayoutParams)
androidx.appcompat.widget.SwitchCompat: int getCompoundPaddingRight()
androidx.core.view.ViewCompat$Api26Impl: boolean isFocusedByDefault(android.view.View)
com.google.android.material.bottomsheet.BottomSheetDragHandleView$1: void onStateChanged(android.view.View,int)
androidx.appcompat.view.ViewPropertyAnimatorCompatSet$1: ViewPropertyAnimatorCompatSet$1(androidx.appcompat.view.ViewPropertyAnimatorCompatSet)
androidx.appcompat.app.AlertController: android.widget.ListView getListView()
androidx.recyclerview.widget.RecyclerView$LayoutManager: android.view.View getChildAt(int)
com.google.android.material.internal.CheckableGroup: void check(int)
com.google.android.material.slider.BaseSlider: void setValueForLabel(com.google.android.material.tooltip.TooltipDrawable,float)
com.google.android.material.progressindicator.LinearIndeterminateContiguousAnimatorDelegate: int access$002(com.google.android.material.progressindicator.LinearIndeterminateContiguousAnimatorDelegate,int)
com.google.android.material.sidesheet.SheetDelegate: void updateCoplanarSiblingAdjacentMargin(android.view.ViewGroup$MarginLayoutParams,int)
androidx.appcompat.widget.AppCompatTextViewAutoSizeHelper: boolean setupAutoSizeUniformPresetSizesConfiguration()
androidx.core.view.MenuItemCompat$Api26Impl: java.lang.CharSequence getTooltipText(android.view.MenuItem)
androidx.appcompat.widget.AppCompatSpinner$DropdownPopup$2: AppCompatSpinner$DropdownPopup$2(androidx.appcompat.widget.AppCompatSpinner$DropdownPopup)
com.google.android.material.chip.ChipDrawable: boolean isCloseIconStateful()
androidx.appcompat.widget.Toolbar: void onLayout(boolean,int,int,int,int)
androidx.webkit.URLUtilCompat: java.lang.String getFilenameFromContentDisposition(java.lang.String)