app/build/outputs/mapping/release/mapping.txt
# compiler: R8
# compiler_version: 8.5.35
# min_api: 26
# common_typos_disable
# {"id":"com.android.tools.r8.mapping","version":"2.2"}
# pg_map_id: 8074dd2
# pg_map_hash: SHA-256 8074dd2777d899b4b462ef790af6ec9512d95547ae97889c8e81fabc338050d3
com.synsound.app.MainActivity -> com.synsound.app.MainActivity:
# {"id":"sourceFile","fileName":"MainActivity.kt"}
    android.webkit.WebView webView -> a
    android.widget.ProgressBar progressBar -> b
    android.widget.LinearLayout errorContainer -> c
    com.google.android.material.button.MaterialButton btnRetry -> d
    android.widget.ImageButton btnNativeBack -> e
    android.widget.FrameLayout bottomNavContainer -> f
    androidx.swiperefreshlayout.widget.SwipeRefreshLayout swipeRefreshLayout -> g
    android.webkit.PermissionRequest pendingPermissionRequest -> h
    android.webkit.ValueCallback fileUploadCallback -> i
    androidx.activity.result.ActivityResultLauncher audioPermissionLauncher -> j
      # {"id":"com.android.tools.r8.residualsignature","signature":"Lb/c;"}
    androidx.activity.result.ActivityResultLauncher fileChooserLauncher -> k
      # {"id":"com.android.tools.r8.residualsignature","signature":"Lb/c;"}
    int $r8$clinit -> l
      # {"id":"com.android.tools.r8.synthesized"}
    0:2:void access$handleBackAction(com.synsound.app.MainActivity):51:51 -> <init>
    0:2:void <init>():51 -> <init>
    3:5:void <init>():66:66 -> <init>
    6:8:void androidx.activity.result.contract.ActivityResultContract.<init>():0:0 -> <init>
    6:8:void androidx.activity.result.contract.ActivityResultContracts$RequestPermission.<init>():219 -> <init>
    6:8:void <init>():66 -> <init>
    9:20:void <init>():65:65 -> <init>
    21:23:void <init>():85:85 -> <init>
com.synsound.app.MainActivity$$ExternalSyntheticLambda0 -> b0.a:
# {"id":"sourceFile","fileName":"R8$$SyntheticClass"}
# {"id":"com.android.tools.r8.synthesized"}
    int b0.MainActivity$$ExternalSyntheticLambda0.$r8$classId -> a
      # {"id":"com.android.tools.r8.synthesized"}
    com.synsound.app.MainActivity com.synsound.app.MainActivity$$InternalSyntheticLambda$1$4f164f06574a55f629ae067f63733fe5cdf93e4178b648be582441067270236e$0.f$0 -> b
      # {"id":"com.android.tools.r8.synthesized"}
    0:7:void b0.MainActivity$$ExternalSyntheticLambda0.<init>(com.synsound.app.MainActivity,int):0:0 -> <init>
      # {"id":"com.android.tools.r8.synthesized"}
    15:22:void com.synsound.app.MainActivity.fileChooserLauncher$lambda$1(com.synsound.app.MainActivity,androidx.activity.result.ActivityResult):0:0 -> a
    15:22:void b0.MainActivity$$ExternalSyntheticLambda0.onActivityResult(java.lang.Object):0 -> a
      # {"id":"com.android.tools.r8.synthesized"}
    23:27:void com.synsound.app.MainActivity.fileChooserLauncher$lambda$1(com.synsound.app.MainActivity,androidx.activity.result.ActivityResult):87:87 -> a
    23:27:void b0.MainActivity$$ExternalSyntheticLambda0.onActivityResult(java.lang.Object):0 -> a
    28:34:void com.synsound.app.MainActivity.fileChooserLauncher$lambda$1(com.synsound.app.MainActivity,androidx.activity.result.ActivityResult):90:90 -> a
    28:34:void b0.MainActivity$$ExternalSyntheticLambda0.onActivityResult(java.lang.Object):0 -> a
...
com.google.android.material.transition.FadeModeResult -> com.google.android.material.transition.FadeModeResult:
# {"id":"sourceFile","fileName":"FadeModeResult.java"}
    0:2:void <init>(int,int,boolean):32:32 -> <init>
    3:4:void <init>(int,int,boolean):33:33 -> <init>
    5:6:void <init>(int,int,boolean):34:34 -> <init>
    7:9:void <init>(int,int,boolean):35:35 -> <init>
    0:6:com.google.android.material.transition.FadeModeResult endOnTop(int,int):29:29 -> endOnTop
    0:6:com.google.android.material.transition.FadeModeResult startOnTop(int,int):25:25 -> startOnTop
com.google.android.material.transition.FadeProvider -> com.google.android.material.transition.FadeProvider:
# {"id":"sourceFile","fileName":"FadeProvider.java"}
    0:4:void <init>():32:32 -> <init>
    5:7:void <init>():34:34 -> <init>
    0:18:android.animation.Animator createAppear(android.view.ViewGroup,android.view.View):60:60 -> createAppear
    19:28:android.animation.Animator createAppear(android.view.ViewGroup,android.view.View):61:61 -> createAppear
    0:23:android.animation.Animator createDisappear(android.view.ViewGroup,android.view.View):73:73 -> createDisappear
    24:28:android.animation.Animator createDisappear(android.view.ViewGroup,android.view.View):74:74 -> createDisappear
    1:9:android.animation.Animator createFadeAnimator(android.view.View,float,float,float,float,float):90:90 -> createFadeAnimator
    10:23:android.animation.Animator createFadeAnimator(android.view.View,float,float,float,float,float):91:91 -> createFadeAnimator
    24:33:android.animation.Animator createFadeAnimator(android.view.View,float,float,float,float,float):99:99 -> createFadeAnimator
    0:2:float getIncomingEndThreshold():42:42 -> getIncomingEndThreshold
    0:2:void setIncomingEndThreshold(float):54:54 -> setIncomingEndThreshold
com.google.android.material.transition.FadeProvider$1 -> com.google.android.material.transition.FadeProvider$1:
# {"id":"sourceFile","fileName":"FadeProvider.java"}
    0:13:void <init>(android.view.View,float,float,float,float):92:92 -> <init>
    0:9:void onAnimationUpdate(android.animation.ValueAnimator):95:95 -> onAnimationUpdate
    10:27:void onAnimationUpdate(android.animation.ValueAnimator):96:96 -> onAnimationUpdate
com.google.android.material.transition.FadeProvider$2 -> com.google.android.material.transition.FadeProvider$2:
# {"id":"sourceFile","fileName":"FadeProvider.java"}
    0:7:void <init>(android.view.View,float):100:100 -> <init>
    0:7:void onAnimationEnd(android.animation.Animator):104:104 -> onAnimationEnd
com.google.android.material.transition.FadeThroughProvider -> com.google.android.material.transition.FadeThroughProvider:
# {"id":"sourceFile","fileName":"FadeThroughProvider.java"}
    0:5:void <init>():36:36 -> <init>
    6:8:void <init>():40:40 -> <init>
    0:17:android.animation.Animator createAppear(android.view.ViewGroup,android.view.View):65:65 -> createAppear
    18:29:android.animation.Animator createAppear(android.view.ViewGroup,android.view.View):66:66 -> createAppear
    0:18:android.animation.Animator createDisappear(android.view.ViewGroup,android.view.View):78:78 -> createDisappear
    19:28:android.animation.Animator createDisappear(android.view.ViewGroup,android.view.View):79:79 -> createDisappear
    1:9:android.animation.Animator createFadeThroughAnimator(android.view.View,float,float,float,float,float):95:95 -> createFadeThroughAnimator
    10:23:android.animation.Animator createFadeThroughAnimator(android.view.View,float,float,float,float,float):96:96 -> createFadeThroughAnimator
    24:33:android.animation.Animator createFadeThroughAnimator(android.view.View,float,float,float,float,float):104:104 -> createFadeThroughAnimator
    0:2:float getProgressThreshold():49:49 -> getProgressThreshold
    0:2:void setProgressThreshold(float):59:59 -> setProgressThreshold