app/build/outputs/mapping/release/usage.txt
com.synsound.app.BuildConfig
com.synsound.app.MainActivity:
    public static final java.lang.String SYN_SOUND_URL
com.synsound.app.R$color:
    public static int black
    public static int syn_background
    public static int syn_button_bg
    public static int syn_button_stroke
    public static int syn_nav_bar_bg
    public static int syn_on_primary
    public static int syn_primary_variant
    public static int syn_text_primary
    public static int syn_text_secondary
    public static int white
    private void <init>()
com.synsound.app.R$drawable
com.synsound.app.R$id:
    private void <init>()
com.synsound.app.R$layout:
    private void <init>()
com.synsound.app.R$mipmap
com.synsound.app.R$string:
    public static int accessibility_back
    public static int accessibility_retry
    public static int btn_retry
    public static int error_network_message
    public static int error_network_title
    private void <init>()
com.synsound.app.R$style
com.synsound.app.R$xml
com.synsound.app.R
com.synsound.app.MainActivity$$InternalSyntheticLambda$1$60dfca31a2cd4567e17acd86823a1b96c0e62865fffa5e92e159675a4b1de0f1$0:
    public final void onRefresh()
com.synsound.app.MainActivity$Companion
com.synsound.app.MainActivity:
    public static final com.synsound.app.MainActivity$Companion Companion
    static void <clinit>()
    public static void initViews()
    public static boolean isTrustedHost()
    public static void setupBackNavigation()
    public static void setupInsets()
    public static void setupWebView()
    public static void showErrorState()
    public static void showPermissionSettingsDialog()
com.synsound.app.R$color
com.synsound.app.R$id
com.synsound.app.R$layout
com.synsound.app.R$string
...
androidx.core.app.NotificationCompat$Builder$Api21Impl
androidx.core.app.NotificationCompat$Builder$Api23Impl
androidx.core.app.NotificationCompat$Builder$Api24Impl
androidx.core.app.NotificationCompat$Builder
androidx.core.app.NotificationCompat$CallStyle$Api20Impl
androidx.core.app.NotificationCompat$CallStyle$Api21Impl
androidx.core.app.NotificationCompat$CallStyle$Api23Impl
androidx.core.app.NotificationCompat$CallStyle$Api24Impl
androidx.core.app.NotificationCompat$CallStyle$Api28Impl
androidx.core.app.NotificationCompat$CallStyle$Api31Impl
androidx.core.app.NotificationCompat$CallStyle$CallType
androidx.core.app.NotificationCompat$CallStyle
androidx.core.app.NotificationCompat$CarExtender$Api20Impl
androidx.core.app.NotificationCompat$CarExtender$Api29Impl
androidx.core.app.NotificationCompat$CarExtender$UnreadConversation$Builder
androidx.core.app.NotificationCompat$CarExtender$UnreadConversation
androidx.core.app.NotificationCompat$CarExtender
androidx.core.app.NotificationCompat$DecoratedCustomViewStyle$Api24Impl
androidx.core.app.NotificationCompat$DecoratedCustomViewStyle
androidx.core.app.NotificationCompat$Extender
androidx.core.app.NotificationCompat$GroupAlertBehavior
androidx.core.app.NotificationCompat$InboxStyle
androidx.core.app.NotificationCompat$MessagingStyle$Api24Impl
androidx.core.app.NotificationCompat$MessagingStyle$Api26Impl
androidx.core.app.NotificationCompat$MessagingStyle$Api28Impl
androidx.core.app.NotificationCompat$MessagingStyle$Message$Api24Impl
androidx.core.app.NotificationCompat$MessagingStyle$Message$Api28Impl
androidx.core.app.NotificationCompat$MessagingStyle$Message
androidx.core.app.NotificationCompat$MessagingStyle
androidx.core.app.NotificationCompat$NotificationVisibility
androidx.core.app.NotificationCompat$ServiceNotificationBehavior
androidx.core.app.NotificationCompat$StreamType
androidx.core.app.NotificationCompat$Style$Api24Impl
androidx.core.app.NotificationCompat$Style
androidx.core.app.NotificationCompat$TvExtender
androidx.core.app.NotificationCompat$WearableExtender$Api20Impl
androidx.core.app.NotificationCompat$WearableExtender$Api23Impl
androidx.core.app.NotificationCompat$WearableExtender$Api24Impl
androidx.core.app.NotificationCompat$WearableExtender$Api31Impl
androidx.core.app.NotificationCompat$WearableExtender
androidx.core.app.NotificationCompat
androidx.core.app.NotificationCompatBuilder$Api20Impl
androidx.core.app.NotificationCompatBuilder$Api21Impl
androidx.core.app.NotificationCompatBuilder$Api23Impl
androidx.core.app.NotificationCompatBuilder$Api24Impl
androidx.core.app.NotificationCompatBuilder$Api26Impl
androidx.core.app.NotificationCompatBuilder$Api28Impl
androidx.core.app.NotificationCompatBuilder$Api29Impl
androidx.core.app.NotificationCompatBuilder$Api31Impl
androidx.core.app.NotificationCompatBuilder
androidx.core.app.NotificationCompatExtras
androidx.core.app.NotificationCompatJellybean
androidx.core.app.NotificationCompatSideChannelService$NotificationSideChannelStub
androidx.core.app.NotificationCompatSideChannelService
androidx.core.app.NotificationManagerCompat$Api23Impl
androidx.core.app.NotificationManagerCompat$Api24Impl:
    private void <init>()
androidx.core.app.NotificationManagerCompat$Api26Impl
androidx.core.app.NotificationManagerCompat$Api28Impl
androidx.core.app.NotificationManagerCompat$Api30Impl
androidx.core.app.NotificationManagerCompat$Api34Impl
androidx.core.app.NotificationManagerCompat$CancelTask
androidx.core.app.NotificationManagerCompat$InterruptionFilter
androidx.core.app.NotificationManagerCompat$NotificationWithIdAndTag
androidx.core.app.NotificationManagerCompat$NotifyTask
androidx.core.app.NotificationManagerCompat$ServiceConnectedEvent
androidx.core.app.NotificationManagerCompat$SideChannelManager$ListenerRecord
androidx.core.app.NotificationManagerCompat$SideChannelManager
androidx.core.app.NotificationManagerCompat$Task